<?xml version="1.0" encoding="UTF-8"?>
<!-- Generated by org.testng.reporters.JUnitXMLReporter -->
<testsuite ignored="0" hostname="user13" failures="1" tests="3" name="Test" time="8.508" errors="0" timestamp="2024-11-07T11:09:00 IST">
  <testcase classname="TestScripts.FileUploadTest" name="fileUpload" time="2.876"/>
  <testcase classname="TestScripts.SearchTest" name="GoogleSearch" time="0.018"/>
  <testcase classname="TestScripts.SearchTest" name="javaGoogleSearch" time="1.406">
    <failure type="java.lang.AssertionError" message="expected [java tutorials - Google Search] but found [java tutorial - Google Search]">
      <![CDATA[java.lang.AssertionError: expected [java tutorials - Google Search] but found [java tutorial - Google Search]
at TestScripts.SearchTest.javaGoogleSearch(SearchTest.java:35)
at java.base/java.util.ArrayList.forEach(ArrayList.java:1511)
... Removed 33 stack frames]]>
    </failure>
  </testcase> <!-- javaGoogleSearch -->
</testsuite> <!-- Test -->
