<?xml version="1.0" encoding="UTF-8"?>
<!-- Generated by org.testng.reporters.JUnitXMLReporter -->
<testsuite ignored="1" hostname="user13" failures="1" tests="1" name="Test(failed)" time="7.667" errors="0" timestamp="2024-11-07T11:10:40 IST">
  <testcase classname="TestScripts.SearchTest" name="javaGoogleSearch" time="2.997">
    <failure type="java.lang.AssertionError" message="expected [java tutorials - Google Search] but found [java tutorial - Google Search]">
      <![CDATA[java.lang.AssertionError: expected [java tutorials - Google Search] but found [java tutorial - Google Search]
at TestScripts.SearchTest.javaGoogleSearch(SearchTest.java:35)
at java.base/java.util.ArrayList.forEach(ArrayList.java:1511)
... Removed 33 stack frames]]>
    </failure>
  </testcase> <!-- javaGoogleSearch -->
  <testcase classname="TestScripts.SearchTest" name="GoogleSearch" time="0.0">
    <ignored/>
  </testcase> <!-- GoogleSearch -->
</testsuite> <!-- Test(failed) -->
